/
 ├── X
 │   ├── data (6609855574,) float32
 │   ├── indices (6609855574,) int64
 │   └── indptr (2096156,) int64
 ├── layers
 ├── obs
 │   ├── Brain_bank
 │   │   ├── categories (4,) object
 │   │   └── codes (2096155,) int8
 │   ├── PMI (2096155,) float64
 │   ├── RIN (2096155,) float64
 │   ├── assay
 │   │   ├── categories (1,) object
 │   │   └── codes (2096155,) int8
 │   ├── assay_ontology_term_id
 │   │   ├── categories (1,) object
 │   │   └── codes (2096155,) int8
 │   ├── barcodekey (2096155,) object
 │   ├── cell_type
 │   │   ├── categories (11,) object
 │   │   └── codes (2096155,) int8
 │   ├── cell_type_ontology_term_id
 │   │   ├── categories (11,) object
 │   │   └── codes (2096155,) int8
 │   ├── derived_class2
 │   │   ├── categories (12,) object
 │   │   └── codes (2096155,) int8
 │   ├── development_stage
 │   │   ├── categories (33,) object
 │   │   └── codes (2096155,) int8
 │   ├── development_stage_ontology_term_id
 │   │   ├── categories (33,) object
 │   │   └── codes (2096155,) int8
 │   ├── disease
 │   │   ├── categories (2,) object
 │   │   └── codes (2096155,) int8
 │   ├── disease_ontology_term_id
 │   │   ├── categories (2,) object
 │   │   └── codes (2096155,) int8
 │   ├── donor_id
 │   │   ├── categories (97,) object
 │   │   └── codes (2096155,) int8
 │   ├── is_primary_data (2096155,) bool
 │   ├── n_counts (2096155,) float64
 │   ├── n_genes (2096155,) int64
 │   ├── observation_joinid (2096155,) object
 │   ├── organism
 │   │   ├── categories (1,) object
 │   │   └── codes (2096155,) int8
 │   ├── organism_ontology_term_id
 │   │   ├── categories (1,) object
 │   │   └── codes (2096155,) int8
 │   ├── path_braak_lb (2096155,) int64
 │   ├── self_reported_ethnicity
 │   │   ├── categories (4,) object
 │   │   └── codes (2096155,) int8
 │   ├── self_reported_ethnicity_ontology_term_id
 │   │   ├── categories (4,) object
 │   │   └── codes (2096155,) int8
 │   ├── sex
 │   │   ├── categories (2,) object
 │   │   └── codes (2096155,) int8
 │   ├── sex_ontology_term_id
 │   │   ├── categories (2,) object
 │   │   └── codes (2096155,) int8
 │   ├── suspension_type
 │   │   ├── categories (1,) object
 │   │   └── codes (2096155,) int8
 │   ├── tissue
 │   │   ├── categories (5,) object
 │   │   └── codes (2096155,) int8
 │   ├── tissue_ontology_term_id
 │   │   ├── categories (5,) object
 │   │   └── codes (2096155,) int8
 │   └── tissue_type
 │       ├── categories (1,) object
 │       └── codes (2096155,) int8
 ├── obsm
 │   └── X_umap (2096155, 2) float32
 ├── obsp
 ├── raw
 │   └── X
 │       └── data (6609855574,) float32
 ├── uns
 │   ├── batch_condition (1,) object
 │   ├── citation () <U302
 │   ├── genome () <U6
 │   ├── schema_reference () <U87
 │   ├── schema_version () <U5
 │   ├── title () <U19
 │   └── uid () <U10
 ├── var
 │   ├── feature_biotype
 │   │   ├── categories (1,) object
 │   │   └── codes (17267,) int8
 │   ├── feature_is_filtered (17267,) bool
 │   ├── feature_length
 │   │   ├── categories (4377,) int64
 │   │   └── codes (17267,) int16
 │   ├── feature_name
 │   │   ├── categories (17267,) object
 │   │   └── codes (17267,) int16
 │   ├── feature_reference
 │   │   ├── categories (1,) object
 │   │   └── codes (17267,) int8
 │   ├── feature_type
 │   │   ├── categories (7,) object
 │   │   └── codes (17267,) int8
 │   ├── gene_id (17267,) object
 │   ├── gene_name
 │   │   ├── categories (17266,) object
 │   │   └── codes (17267,) int16
 │   └── n_cells (17267,) int64
 ├── varm
 └── varp

[obs] categorical fields:

obs.Brain_bank: ['Harvard', 'MSSM', 'UD', 'UM']
obs.PMI: (2096155,) (not categorical)
obs.RIN: (2096155,) (not categorical)

obs.assay: ["10x 3' v3"]

obs.assay_ontology_term_id: ['EFO:0009922']
obs.barcodekey: (2096155,) (not categorical)

obs.cell_type: ['GABAergic neuron', 'astrocyte', 'central nervous system macrophage', 'central nervous system neuron', 'endothelial cell', 'ependymal cell', 'glutamatergic neuron', 'leukocyte', 'mural cell', 'oligodendrocyte', 'oligodendrocyte precursor cell']

obs.cell_type_ontology_term_id: ['CL:0000065', 'CL:0000115', 'CL:0000127', 'CL:0000128', 'CL:0000617', 'CL:0000679', 'CL:0000738', 'CL:0000878', 'CL:0002453', 'CL:0008034', 'CL:2000029']

obs.derived_class2: ['Adaptive', 'Astro', 'DMNX_Neu', 'EN', 'Endo', 'Ependymal', 'GPI_Neu', 'IN', 'Micro_PVM', 'Mural', 'OPC', 'Oligo']

obs.development_stage: too many unique values (33) to display

Printing the first 10 unique values for obs.development_stage: ['101-year-old stage', '102-year-old stage', '57-year-old stage', '62-year-old stage', '64-year-old stage', '65-year-old stage', '66-year-old stage', '67-year-old stage', '68-year-old stage', '69-year-old stage']

obs.development_stage_ontology_term_id: too many unique values (33) to display

Printing the first 10 unique values for obs.development_stage_ontology_term_id: ['HsapDv:0000151', 'HsapDv:0000156', 'HsapDv:0000158', 'HsapDv:0000159', 'HsapDv:0000160', 'HsapDv:0000161', 'HsapDv:0000162', 'HsapDv:0000163', 'HsapDv:0000164', 'HsapDv:0000165']

obs.disease: ['Parkinson disease', 'normal']

obs.disease_ontology_term_id: ['MONDO:0005180', 'PATO:0000461']

obs.donor_id: too many unique values (97) to display

Printing the first 10 unique values for obs.donor_id: ['CASE_1', 'CASE_10', 'CASE_11', 'CASE_12', 'CASE_13', 'CASE_14', 'CASE_15', 'CASE_16', 'CASE_17', 'CASE_18']
obs.is_primary_data: (2096155,) (not categorical)
obs.n_counts: (2096155,) (not categorical)
obs.n_genes: (2096155,) (not categorical)
obs.observation_joinid: (2096155,) (not categorical)

obs.organism: ['Homo sapiens']

obs.organism_ontology_term_id: ['NCBITaxon:9606']
obs.path_braak_lb: (2096155,) (not categorical)

obs.self_reported_ethnicity: ['African', 'European', 'South Asian', 'unknown']

obs.self_reported_ethnicity_ontology_term_id: ['HANCESTRO:0005', 'HANCESTRO:0006', 'HANCESTRO:0010', 'unknown']

obs.sex: ['female', 'male']

obs.sex_ontology_term_id: ['PATO:0000383', 'PATO:0000384']

obs.suspension_type: ['nucleus']

obs.tissue: ['dorsal motor nucleus of vagus nerve', 'medial globus pallidus', 'prefrontal cortex', 'primary motor cortex', 'primary visual cortex']

obs.tissue_ontology_term_id: ['UBERON:0000451', 'UBERON:0001384', 'UBERON:0002436', 'UBERON:0002477', 'UBERON:0002870']

obs.tissue_type: ['tissue']

[var] categorical fields:

var.feature_biotype: ['gene']
var.feature_is_filtered: (17267,) (not categorical)

var.feature_length: too many unique values (4377) to display

Printing the first 10 unique values for var.feature_length: [np.int64(161), np.int64(162), np.int64(175), np.int64(213), np.int64(223), np.int64(237), np.int64(242), np.int64(246), np.int64(254), np.int64(267)]

var.feature_name: too many unique values (17267) to display

Printing the first 10 unique values for var.feature_name: ['A1BG_ENSG00000121410', 'A1CF_ENSG00000148584', 'A2ML1_ENSG00000166535', 'A2M_ENSG00000175899', 'A3GALT2_ENSG00000184389', 'A4GALT_ENSG00000128274', 'A4GNT_ENSG00000118017', 'AAAS_ENSG00000094914', 'AACS_ENSG00000081760', 'AADACL2_ENSG00000197953']

var.feature_reference: ['NCBITaxon:9606']

var.feature_type: ['artifact', 'lncRNA', 'processed_pseudogene', 'protein_coding', 'transcribed_processed_pseudogene', 'transcribed_unitary_pseudogene', 'transcribed_unprocessed_pseudogene']
var.gene_id: (17267,) (not categorical)

var.gene_name: too many unique values (17266) to display

Printing the first 10 unique values for var.gene_name: ['A1BG', 'A1CF', 'A2M', 'A2ML1', 'A3GALT2', 'A4GALT', 'A4GNT', 'AAAS', 'AACS', 'AADAC']
var.n_cells: (17267,) (not categorical)
